# JRE version: OpenJDK Runtime Environment (8.0_242-b01) (build 1.8.0_242-release-1644-b01)
# Java VM: OpenJDK 64-Bit Server VM (25.242-b01 mixed mode windows-amd64 compressed oops)
Heap:
 PSYoungGen      total 617984K, used 471430K [0x00000000d5580000, 0x00000000ff900000, 0x0000000100000000)
  eden space 552448K, 84% used [0x00000000d5580000,0x00000000f1d5d908,0x00000000f7100000)
  from space 65536K, 7% used [0x00000000fb900000,0x00000000fbd84098,0x00000000ff900000)
  to   space 69632K, 0% used [0x00000000f7100000,0x00000000f7100000,0x00000000fb500000)
 ParOldGen       total 313856K, used 190258K [0x0000000080000000, 0x0000000093280000, 0x00000000d5580000)
  object space 313856K, 60% used [0x0000000080000000,0x000000008b9cc978,0x0000000093280000)
 Metaspace       used 113658K, capacity 119698K, committed 123968K, reserved 1157120K
  class space    used 14355K, capacity 15454K, committed 16488K, reserved 1048576K
GC Heap History (10 events):
Event: 3301.235 GC heap before
{Heap before GC invocations=37 (full 5):
 PSYoungGen      total 604672K, used 532043K [0x00000000d5580000, 0x00000000ffd00000, 0x0000000100000000)
  eden space 518656K, 100% used [0x00000000d5580000,0x00000000f5000000,0x00000000f5000000)
  from space 86016K, 15% used [0x00000000f5000000,0x00000000f5d12c50,0x00000000fa400000)
  to   space 82944K, 0% used [0x00000000fac00000,0x00000000fac00000,0x00000000ffd00000)
 ParOldGen       total 313856K, used 157916K [0x0000000080000000, 0x0000000093280000, 0x00000000d5580000)
  object space 313856K, 50% used [0x0000000080000000,0x0000000089a37178,0x0000000093280000)
 Metaspace       used 113363K, capacity 119424K, committed 123968K, reserved 1157120K
  class space    used 14346K, capacity 15453K, committed 16488K, reserved 1048576K
Event: 3301.251 GC heap after
Heap after GC invocations=37 (full 5):
 PSYoungGen      total 606720K, used 11913K [0x00000000d5580000, 0x00000000ff700000, 0x0000000100000000)
  eden space 529920K, 0% used [0x00000000d5580000,0x00000000d5580000,0x00000000f5b00000)
  from space 76800K, 15% used [0x00000000fac00000,0x00000000fb7a24c8,0x00000000ff700000)
  to   space 79872K, 0% used [0x00000000f5b00000,0x00000000f5b00000,0x00000000fa900000)
 ParOldGen       total 313856K, used 168456K [0x0000000080000000, 0x0000000093280000, 0x00000000d5580000)
  object space 313856K, 53% used [0x0000000080000000,0x000000008a4821d0,0x0000000093280000)
 Metaspace       used 113363K, capacity 119424K, committed 123968K, reserved 1157120K
  class space    used 14346K, capacity 15453K, committed 16488K, reserved 1048576K
}
Event: 3301.576 GC heap before
{Heap before GC invocations=38 (full 5):
 PSYoungGen      total 606720K, used 541833K [0x00000000d5580000, 0x00000000ff700000, 0x0000000100000000)
  eden space 529920K, 100% used [0x00000000d5580000,0x00000000f5b00000,0x00000000f5b00000)
  from space 76800K, 15% used [0x00000000fac00000,0x00000000fb7a24c8,0x00000000ff700000)
  to   space 79872K, 0% used [0x00000000f5b00000,0x00000000f5b00000,0x00000000fa900000)
 ParOldGen       total 313856K, used 168456K [0x0000000080000000, 0x0000000093280000, 0x00000000d5580000)
  object space 313856K, 53% used [0x0000000080000000,0x000000008a4821d0,0x0000000093280000)
 Metaspace       used 113383K, capacity 119488K, committed 123968K, reserved 1157120K
  class space    used 14346K, capacity 15453K, committed 16488K, reserved 1048576K
Event: 3301.585 GC heap after
Heap after GC invocations=38 (full 5):
 PSYoungGen      total 609792K, used 4178K [0x00000000d5580000, 0x0000000100000000, 0x0000000100000000)
  eden space 529920K, 0% used [0x00000000d5580000,0x00000000d5580000,0x00000000f5b00000)
  from space 79872K, 5% used [0x00000000f5b00000,0x00000000f5f14bb0,0x00000000fa900000)
  to   space 78336K, 0% used [0x00000000fb380000,0x00000000fb380000,0x0000000100000000)
 ParOldGen       total 313856K, used 177232K [0x0000000080000000, 0x0000000093280000, 0x00000000d5580000)
  object space 313856K, 56% used [0x0000000080000000,0x000000008ad14120,0x0000000093280000)
 Metaspace       used 113383K, capacity 119488K, committed 123968K, reserved 1157120K
  class space    used 14346K, capacity 15453K, committed 16488K, reserved 1048576K
}
Event: 3301.909 GC heap before
{Heap before GC invocations=39 (full 5):
 PSYoungGen      total 609792K, used 534098K [0x00000000d5580000, 0x0000000100000000, 0x0000000100000000)
  eden space 529920K, 100% used [0x00000000d5580000,0x00000000f5b00000,0x00000000f5b00000)
  from space 79872K, 5% used [0x00000000f5b00000,0x00000000f5f14bb0,0x00000000fa900000)
  to   space 78336K, 0% used [0x00000000fb380000,0x00000000fb380000,0x0000000100000000)
 ParOldGen       total 313856K, used 177866K [0x0000000080000000, 0x0000000093280000, 0x00000000d5580000)
  object space 313856K, 56% used [0x0000000080000000,0x000000008adb2948,0x0000000093280000)
 Metaspace       used 113470K, capacity 119560K, committed 123968K, reserved 1157120K
  class space    used 14346K, capacity 15453K, committed 16488K, reserved 1048576K
Event: 3301.925 GC heap after
Heap after GC invocations=39 (full 5):
 PSYoungGen      total 610304K, used 15037K [0x00000000d5580000, 0x00000000ff780000, 0x0000000100000000)
  eden space 540672K, 0% used [0x00000000d5580000,0x00000000d5580000,0x00000000f6580000)
  from space 69632K, 21% used [0x00000000fb380000,0x00000000fc22f6f8,0x00000000ff780000)
  to   space 74752K, 0% used [0x00000000f6580000,0x00000000f6580000,0x00000000fae80000)
 ParOldGen       total 313856K, used 181230K [0x0000000080000000, 0x0000000093280000, 0x00000000d5580000)
  object space 313856K, 57% used [0x0000000080000000,0x000000008b0fb978,0x0000000093280000)
 Metaspace       used 113470K, capacity 119560K, committed 123968K, reserved 1157120K
  class space    used 14346K, capacity 15453K, committed 16488K, reserved 1048576K
}
Event: 3302.309 GC heap before
{Heap before GC invocations=40 (full 5):
 PSYoungGen      total 610304K, used 555709K [0x00000000d5580000, 0x00000000ff780000, 0x0000000100000000)
  eden space 540672K, 100% used [0x00000000d5580000,0x00000000f6580000,0x00000000f6580000)
  from space 69632K, 21% used [0x00000000fb380000,0x00000000fc22f6f8,0x00000000ff780000)
  to   space 74752K, 0% used [0x00000000f6580000,0x00000000f6580000,0x00000000fae80000)
 ParOldGen       total 313856K, used 181248K [0x0000000080000000, 0x0000000093280000, 0x00000000d5580000)
  object space 313856K, 57% used [0x0000000080000000,0x000000008b100018,0x0000000093280000)
 Metaspace       used 113493K, capacity 119566K, committed 123968K, reserved 1157120K
  class space    used 14347K, capacity 15454K, committed 16488K, reserved 1048576K
Event: 3302.321 GC heap after
Heap after GC invocations=40 (full 5):
 PSYoungGen      total 615424K, used 10115K [0x00000000d5580000, 0x00000000fff00000, 0x0000000100000000)
  eden space 540672K, 0% used [0x00000000d5580000,0x00000000d5580000,0x00000000f6580000)
  from space 74752K, 13% used [0x00000000f6580000,0x00000000f6f60c10,0x00000000fae80000)
  to   space 71680K, 0% used [0x00000000fb900000,0x00000000fb900000,0x00000000fff00000)
 ParOldGen       total 313856K, used 186213K [0x0000000080000000, 0x0000000093280000, 0x00000000d5580000)
  object space 313856K, 59% used [0x0000000080000000,0x000000008b5d9428,0x0000000093280000)
 Metaspace       used 113493K, capacity 119566K, committed 123968K, reserved 1157120K
  class space    used 14347K, capacity 15454K, committed 16488K, reserved 1048576K
}
Event: 3302.806 GC heap before
{Heap before GC invocations=41 (full 5):
 PSYoungGen      total 615424K, used 550787K [0x00000000d5580000, 0x00000000fff00000, 0x0000000100000000)
  eden space 540672K, 100% used [0x00000000d5580000,0x00000000f6580000,0x00000000f6580000)
  from space 74752K, 13% used [0x00000000f6580000,0x00000000f6f60c10,0x00000000fae80000)
  to   space 71680K, 0% used [0x00000000fb900000,0x00000000fb900000,0x00000000fff00000)
 ParOldGen       total 313856K, used 186213K [0x0000000080000000, 0x0000000093280000, 0x00000000d5580000)
  object space 313856K, 59% used [0x0000000080000000,0x000000008b5d9428,0x0000000093280000)
 Metaspace       used 113505K, capacity 119566K, committed 123968K, reserved 1157120K
  class space    used 14347K, capacity 15454K, committed 16488K, reserved 1048576K
Event: 3302.815 GC heap after
Heap after GC invocations=41 (full 5):
 PSYoungGen      total 617984K, used 4624K [0x00000000d5580000, 0x00000000ff900000, 0x0000000100000000)
  eden space 552448K, 0% used [0x00000000d5580000,0x00000000d5580000,0x00000000f7100000)
  from space 65536K, 7% used [0x00000000fb900000,0x00000000fbd84098,0x00000000ff900000)
  to   space 69632K, 0% used [0x00000000f7100000,0x00000000f7100000,0x00000000fb500000)
 ParOldGen       total 313856K, used 190258K [0x0000000080000000, 0x0000000093280000, 0x00000000d5580000)
  object space 313856K, 60% used [0x0000000080000000,0x000000008b9cc978,0x0000000093280000)
 Metaspace       used 113505K, capacity 119566K, committed 123968K, reserved 1157120K
  class space    used 14347K, capacity 15454K, committed 16488K, reserved 1048576K
}

